<?xml version="1.0" encoding="UTF-8"?>
<testng-results ignored="0" total="1" passed="1" failed="0" skipped="0">
  <reporter-output>
  </reporter-output>
  <suite started-at="2024-03-13T11:27:25 IST" name="Default suite" finished-at="2024-03-13T11:27:39 IST" duration-ms="14644">
    <groups>
    </groups>
    <test started-at="2024-03-13T11:27:25 IST" name="Default test" finished-at="2024-03-13T11:27:39 IST" duration-ms="14644">
      <class name="com.ecom.project.test.IndexTest">
        <test-method signature="test1()[pri:0, instance:com.ecom.project.test.IndexTest@77fa9381]" started-at="2024-03-13T11:27:25 IST" name="test1" finished-at="2024-03-13T11:27:38 IST" duration-ms="13614" status="PASS">
          <reporter-output>
          </reporter-output>
        </test-method> <!-- test1 -->
      </class> <!-- com.ecom.project.test.IndexTest -->
    </test> <!-- Default test -->
  </suite> <!-- Default suite -->
</testng-results>
