<?xml version="1.0" encoding="UTF-8"?>
<testng-results ignored="0" total="1" passed="1" failed="0" skipped="0">
  <reporter-output>
  </reporter-output>
  <suite started-at="2024-03-14T11:13:43 IST" name="Default suite" finished-at="2024-03-14T11:13:45 IST" duration-ms="1612">
    <groups>
    </groups>
    <test started-at="2024-03-14T11:13:43 IST" name="Default test" finished-at="2024-03-14T11:13:45 IST" duration-ms="1612">
      <class name="com.ecom.project.test.RegisterTest">
        <test-method signature="clickOnRegister()[pri:1, instance:com.ecom.project.test.RegisterTest@dbda472]" started-at="2024-03-14T11:13:43 IST" name="clickOnRegister" finished-at="2024-03-14T11:13:45 IST" duration-ms="1116" status="PASS">
          <reporter-output>
          </reporter-output>
        </test-method> <!-- clickOnRegister -->
      </class> <!-- com.ecom.project.test.RegisterTest -->
    </test> <!-- Default test -->
  </suite> <!-- Default suite -->
</testng-results>
